0 info it worked if it ends with ok
1 verbose cli [ '/usr/bin/node',
1 verbose cli   '/usr/bin/npm',
1 verbose cli   'install',
1 verbose cli   'onoff',
1 verbose cli   '--arch=ia32' ]
2 info using npm@3.5.2
3 info using node@v6.11.4
4 silly loadCurrentTree Starting
5 silly install loadCurrentTree
6 silly install readLocalPackageData
7 silly fetchPackageMetaData onoff
8 silly fetchNamedPackageData onoff
9 silly mapToRegistry name onoff
10 silly mapToRegistry using default registry
11 silly mapToRegistry registry https://registry.npmjs.org/
12 silly mapToRegistry uri https://registry.npmjs.org/onoff
13 verbose request uri https://registry.npmjs.org/onoff
14 verbose request no auth needed
15 info attempt registry request try #1 at 11:02:47
16 verbose request id 09db05c52aea0ca0
17 verbose etag "5a1fc550-c81c"
18 verbose lastModified Thu, 30 Nov 2017 8:46:08 GMT
19 http request GET https://registry.npmjs.org/onoff
20 http 304 https://registry.npmjs.org/onoff
21 verbose headers { date: 'Fri, 08 Dec 2017 10:02:47 GMT',
21 verbose headers   via: '1.1 varnish',
21 verbose headers   'cache-control': 'max-age=300',
21 verbose headers   etag: '"5a1fc550-c81c"',
21 verbose headers   age: '985',
21 verbose headers   connection: 'keep-alive',
21 verbose headers   'x-served-by': 'cache-hhn1536-HHN',
21 verbose headers   'x-cache': 'HIT',
21 verbose headers   'x-cache-hits': '1',
21 verbose headers   'x-timer': 'S1512727368.522785,VS0,VE1',
21 verbose headers   vary: 'Accept-Encoding, Accept' }
22 silly get cb [ 304,
22 silly get   { date: 'Fri, 08 Dec 2017 10:02:47 GMT',
22 silly get     via: '1.1 varnish',
22 silly get     'cache-control': 'max-age=300',
22 silly get     etag: '"5a1fc550-c81c"',
22 silly get     age: '985',
22 silly get     connection: 'keep-alive',
22 silly get     'x-served-by': 'cache-hhn1536-HHN',
22 silly get     'x-cache': 'HIT',
22 silly get     'x-cache-hits': '1',
22 silly get     'x-timer': 'S1512727368.522785,VS0,VE1',
22 silly get     vary: 'Accept-Encoding, Accept' } ]
23 verbose etag https://registry.npmjs.org/onoff from cache
24 verbose get saving onoff to /home/simone/.npm/registry.npmjs.org/onoff/.cache.json
25 silly install normalizeTree
26 silly loadCurrentTree Finishing
27 silly loadIdealTree Starting
28 silly install loadIdealTree
29 silly cloneCurrentTree Starting
30 silly install cloneCurrentTreeToIdealTree
31 silly cloneCurrentTree Finishing
32 silly loadShrinkwrap Starting
33 silly install loadShrinkwrap
34 silly loadShrinkwrap Finishing
35 silly loadAllDepsIntoIdealTree Starting
36 silly install loadAllDepsIntoIdealTree
37 silly resolveWithNewModule onoff@1.1.8 checking installable status
38 silly cache add args [ 'onoff', null ]
39 verbose cache add spec onoff
40 silly cache add parsed spec Result {
40 silly cache add   raw: 'onoff',
40 silly cache add   scope: null,
40 silly cache add   name: 'onoff',
40 silly cache add   rawSpec: '',
40 silly cache add   spec: 'latest',
40 silly cache add   type: 'tag' }
41 silly addNamed onoff@latest
42 verbose addNamed "latest" is being treated as a dist-tag for onoff
43 info addNameTag [ 'onoff', 'latest' ]
44 silly mapToRegistry name onoff
45 silly mapToRegistry using default registry
46 silly mapToRegistry registry https://registry.npmjs.org/
47 silly mapToRegistry uri https://registry.npmjs.org/onoff
48 verbose addNameTag registry:https://registry.npmjs.org/onoff not in flight; fetching
49 verbose get https://registry.npmjs.org/onoff not expired, no request
50 silly addNameTag next cb for onoff with tag latest
51 silly addNamed onoff@1.1.8
52 verbose addNamed "1.1.8" is a plain semver version for onoff
53 silly cache afterAdd onoff@1.1.8
54 verbose afterAdd /home/simone/.npm/onoff/1.1.8/package/package.json not in flight; writing
55 verbose afterAdd /home/simone/.npm/onoff/1.1.8/package/package.json written
56 silly fetchNamedPackageData epoll
57 silly mapToRegistry name epoll
58 silly mapToRegistry using default registry
59 silly mapToRegistry registry https://registry.npmjs.org/
60 silly mapToRegistry uri https://registry.npmjs.org/epoll
61 verbose request uri https://registry.npmjs.org/epoll
62 verbose request no auth needed
63 info attempt registry request try #1 at 11:02:47
64 verbose etag "59fd8638-b332"
65 verbose lastModified Sat, 4 Nov 2017 9:19:52 GMT
66 http request GET https://registry.npmjs.org/epoll
67 http 304 https://registry.npmjs.org/epoll
68 verbose headers { date: 'Fri, 08 Dec 2017 10:02:47 GMT',
68 verbose headers   via: '1.1 varnish',
68 verbose headers   'cache-control': 'max-age=300',
68 verbose headers   etag: '"59fd8638-b332"',
68 verbose headers   age: '663',
68 verbose headers   connection: 'keep-alive',
68 verbose headers   'x-served-by': 'cache-hhn1536-HHN',
68 verbose headers   'x-cache': 'HIT',
68 verbose headers   'x-cache-hits': '1',
68 verbose headers   'x-timer': 'S1512727368.662165,VS0,VE7',
68 verbose headers   vary: 'Accept-Encoding, Accept' }
69 silly get cb [ 304,
69 silly get   { date: 'Fri, 08 Dec 2017 10:02:47 GMT',
69 silly get     via: '1.1 varnish',
69 silly get     'cache-control': 'max-age=300',
69 silly get     etag: '"59fd8638-b332"',
69 silly get     age: '663',
69 silly get     connection: 'keep-alive',
69 silly get     'x-served-by': 'cache-hhn1536-HHN',
69 silly get     'x-cache': 'HIT',
69 silly get     'x-cache-hits': '1',
69 silly get     'x-timer': 'S1512727368.662165,VS0,VE7',
69 silly get     vary: 'Accept-Encoding, Accept' } ]
70 verbose etag https://registry.npmjs.org/epoll from cache
71 verbose get saving epoll to /home/simone/.npm/registry.npmjs.org/epoll/.cache.json
72 silly resolveWithNewModule epoll@1.0.1 checking installable status
73 silly cache add args [ 'epoll@~1.0.0', null ]
74 verbose cache add spec epoll@~1.0.0
75 silly cache add parsed spec Result {
75 silly cache add   raw: 'epoll@~1.0.0',
75 silly cache add   scope: null,
75 silly cache add   name: 'epoll',
75 silly cache add   rawSpec: '~1.0.0',
75 silly cache add   spec: '>=1.0.0 <1.1.0',
75 silly cache add   type: 'range' }
76 silly addNamed epoll@>=1.0.0 <1.1.0
77 verbose addNamed ">=1.0.0 <1.1.0" is a valid semver range for epoll
78 silly addNameRange { name: 'epoll', range: '>=1.0.0 <1.1.0', hasData: false }
79 silly mapToRegistry name epoll
80 silly mapToRegistry using default registry
81 silly mapToRegistry registry https://registry.npmjs.org/
82 silly mapToRegistry uri https://registry.npmjs.org/epoll
83 verbose addNameRange registry:https://registry.npmjs.org/epoll not in flight; fetching
84 verbose get https://registry.npmjs.org/epoll not expired, no request
85 silly addNameRange number 2 { name: 'epoll', range: '>=1.0.0 <1.1.0', hasData: true }
86 silly addNameRange versions [ 'epoll',
86 silly addNameRange   [ '0.0.1',
86 silly addNameRange     '0.0.2',
86 silly addNameRange     '0.0.3',
86 silly addNameRange     '0.0.4',
86 silly addNameRange     '0.0.5',
86 silly addNameRange     '0.0.6',
86 silly addNameRange     '0.0.7',
86 silly addNameRange     '0.0.8',
86 silly addNameRange     '0.1.0',
86 silly addNameRange     '0.1.1',
86 silly addNameRange     '0.1.2',
86 silly addNameRange     '0.1.3',
86 silly addNameRange     '0.1.4',
86 silly addNameRange     '0.1.5',
86 silly addNameRange     '0.1.7',
86 silly addNameRange     '0.1.8',
86 silly addNameRange     '0.1.9',
86 silly addNameRange     '0.1.10',
86 silly addNameRange     '0.1.11',
86 silly addNameRange     '0.1.12',
86 silly addNameRange     '0.1.13',
86 silly addNameRange     '0.1.14',
86 silly addNameRange     '0.1.15',
86 silly addNameRange     '0.1.16',
86 silly addNameRange     '0.1.17',
86 silly addNameRange     '0.1.18',
86 silly addNameRange     '0.1.19',
86 silly addNameRange     '0.1.20',
86 silly addNameRange     '0.1.21',
86 silly addNameRange     '0.1.22',
86 silly addNameRange     '1.0.0',
86 silly addNameRange     '1.0.1' ] ]
87 silly addNamed epoll@1.0.1
88 verbose addNamed "1.0.1" is a plain semver version for epoll
89 silly cache afterAdd epoll@1.0.1
90 verbose afterAdd /home/simone/.npm/epoll/1.0.1/package/package.json not in flight; writing
91 verbose afterAdd /home/simone/.npm/epoll/1.0.1/package/package.json written
92 silly fetchNamedPackageData bindings
93 silly mapToRegistry name bindings
94 silly mapToRegistry using default registry
95 silly mapToRegistry registry https://registry.npmjs.org/
96 silly mapToRegistry uri https://registry.npmjs.org/bindings
97 silly fetchNamedPackageData nan
98 silly mapToRegistry name nan
99 silly mapToRegistry using default registry
100 silly mapToRegistry registry https://registry.npmjs.org/
101 silly mapToRegistry uri https://registry.npmjs.org/nan
102 verbose request uri https://registry.npmjs.org/bindings
103 verbose request no auth needed
104 info attempt registry request try #1 at 11:02:47
105 verbose etag "5a1d3205-4c42"
106 verbose lastModified Tue, 28 Nov 2017 9:53:09 GMT
107 http request GET https://registry.npmjs.org/bindings
108 verbose request uri https://registry.npmjs.org/nan
109 verbose request no auth needed
110 info attempt registry request try #1 at 11:02:47
111 verbose etag "5a0c2640-20c10"
112 verbose lastModified Wed, 15 Nov 2017 11:34:24 GMT
113 http request GET https://registry.npmjs.org/nan
114 http 304 https://registry.npmjs.org/bindings
115 verbose headers { date: 'Fri, 08 Dec 2017 10:02:47 GMT',
115 verbose headers   via: '1.1 varnish',
115 verbose headers   'cache-control': 'max-age=300',
115 verbose headers   etag: '"5a1d3205-4c42"',
115 verbose headers   age: '2415',
115 verbose headers   connection: 'keep-alive',
115 verbose headers   'x-served-by': 'cache-hhn1536-HHN',
115 verbose headers   'x-cache': 'HIT',
115 verbose headers   'x-cache-hits': '2',
115 verbose headers   'x-timer': 'S1512727368.749933,VS0,VE0',
115 verbose headers   vary: 'Accept-Encoding, Accept' }
116 silly get cb [ 304,
116 silly get   { date: 'Fri, 08 Dec 2017 10:02:47 GMT',
116 silly get     via: '1.1 varnish',
116 silly get     'cache-control': 'max-age=300',
116 silly get     etag: '"5a1d3205-4c42"',
116 silly get     age: '2415',
116 silly get     connection: 'keep-alive',
116 silly get     'x-served-by': 'cache-hhn1536-HHN',
116 silly get     'x-cache': 'HIT',
116 silly get     'x-cache-hits': '2',
116 silly get     'x-timer': 'S1512727368.749933,VS0,VE0',
116 silly get     vary: 'Accept-Encoding, Accept' } ]
117 verbose etag https://registry.npmjs.org/bindings from cache
118 verbose get saving bindings to /home/simone/.npm/registry.npmjs.org/bindings/.cache.json
119 silly resolveWithNewModule bindings@1.3.0 checking installable status
120 silly cache add args [ 'bindings@~1.3.0', null ]
121 verbose cache add spec bindings@~1.3.0
122 silly cache add parsed spec Result {
122 silly cache add   raw: 'bindings@~1.3.0',
122 silly cache add   scope: null,
122 silly cache add   name: 'bindings',
122 silly cache add   rawSpec: '~1.3.0',
122 silly cache add   spec: '>=1.3.0 <1.4.0',
122 silly cache add   type: 'range' }
123 silly addNamed bindings@>=1.3.0 <1.4.0
124 verbose addNamed ">=1.3.0 <1.4.0" is a valid semver range for bindings
125 silly addNameRange { name: 'bindings', range: '>=1.3.0 <1.4.0', hasData: false }
126 silly mapToRegistry name bindings
127 silly mapToRegistry using default registry
128 silly mapToRegistry registry https://registry.npmjs.org/
129 silly mapToRegistry uri https://registry.npmjs.org/bindings
130 verbose addNameRange registry:https://registry.npmjs.org/bindings not in flight; fetching
131 verbose get https://registry.npmjs.org/bindings not expired, no request
132 silly addNameRange number 2 { name: 'bindings', range: '>=1.3.0 <1.4.0', hasData: true }
133 silly addNameRange versions [ 'bindings',
133 silly addNameRange   [ '0.0.1',
133 silly addNameRange     '0.1.0',
133 silly addNameRange     '0.1.1',
133 silly addNameRange     '0.2.0',
133 silly addNameRange     '0.2.1',
133 silly addNameRange     '0.2.2',
133 silly addNameRange     '0.2.3',
133 silly addNameRange     '0.2.4',
133 silly addNameRange     '0.3.0',
133 silly addNameRange     '0.4.0',
133 silly addNameRange     '1.0.0',
133 silly addNameRange     '1.1.0',
133 silly addNameRange     '1.1.1',
133 silly addNameRange     '1.2.0',
133 silly addNameRange     '1.2.1',
133 silly addNameRange     '1.3.0' ] ]
134 silly addNamed bindings@1.3.0
135 verbose addNamed "1.3.0" is a plain semver version for bindings
136 silly cache afterAdd bindings@1.3.0
137 verbose afterAdd /home/simone/.npm/bindings/1.3.0/package/package.json not in flight; writing
138 verbose afterAdd /home/simone/.npm/bindings/1.3.0/package/package.json written
139 http 304 https://registry.npmjs.org/nan
140 verbose headers { date: 'Fri, 08 Dec 2017 10:02:47 GMT',
140 verbose headers   via: '1.1 varnish',
140 verbose headers   'cache-control': 'max-age=300',
140 verbose headers   etag: '"5a0c2640-20c10"',
140 verbose headers   age: '2002',
140 verbose headers   connection: 'keep-alive',
140 verbose headers   'x-served-by': 'cache-hhn1540-HHN',
140 verbose headers   'x-cache': 'HIT',
140 verbose headers   'x-cache-hits': '1',
140 verbose headers   'x-timer': 'S1512727368.874811,VS0,VE1',
140 verbose headers   vary: 'Accept-Encoding, Accept' }
141 silly get cb [ 304,
141 silly get   { date: 'Fri, 08 Dec 2017 10:02:47 GMT',
141 silly get     via: '1.1 varnish',
141 silly get     'cache-control': 'max-age=300',
141 silly get     etag: '"5a0c2640-20c10"',
141 silly get     age: '2002',
141 silly get     connection: 'keep-alive',
141 silly get     'x-served-by': 'cache-hhn1540-HHN',
141 silly get     'x-cache': 'HIT',
141 silly get     'x-cache-hits': '1',
141 silly get     'x-timer': 'S1512727368.874811,VS0,VE1',
141 silly get     vary: 'Accept-Encoding, Accept' } ]
142 verbose etag https://registry.npmjs.org/nan from cache
143 verbose get saving nan to /home/simone/.npm/registry.npmjs.org/nan/.cache.json
144 silly resolveWithNewModule nan@2.7.0 checking installable status
145 silly cache add args [ 'nan@~2.7.0', null ]
146 verbose cache add spec nan@~2.7.0
147 silly cache add parsed spec Result {
147 silly cache add   raw: 'nan@~2.7.0',
147 silly cache add   scope: null,
147 silly cache add   name: 'nan',
147 silly cache add   rawSpec: '~2.7.0',
147 silly cache add   spec: '>=2.7.0 <2.8.0',
147 silly cache add   type: 'range' }
148 silly addNamed nan@>=2.7.0 <2.8.0
149 verbose addNamed ">=2.7.0 <2.8.0" is a valid semver range for nan
150 silly addNameRange { name: 'nan', range: '>=2.7.0 <2.8.0', hasData: false }
151 silly mapToRegistry name nan
152 silly mapToRegistry using default registry
153 silly mapToRegistry registry https://registry.npmjs.org/
154 silly mapToRegistry uri https://registry.npmjs.org/nan
155 verbose addNameRange registry:https://registry.npmjs.org/nan not in flight; fetching
156 verbose get https://registry.npmjs.org/nan not expired, no request
157 silly addNameRange number 2 { name: 'nan', range: '>=2.7.0 <2.8.0', hasData: true }
158 silly addNameRange versions [ 'nan',
158 silly addNameRange   [ '0.3.0-wip',
158 silly addNameRange     '0.3.0-wip2',
158 silly addNameRange     '0.3.0',
158 silly addNameRange     '0.3.1',
158 silly addNameRange     '0.3.2',
158 silly addNameRange     '0.4.0',
158 silly addNameRange     '0.4.1',
158 silly addNameRange     '0.4.2',
158 silly addNameRange     '0.4.3',
158 silly addNameRange     '0.4.4',
158 silly addNameRange     '0.5.0',
158 silly addNameRange     '0.5.1',
158 silly addNameRange     '0.5.2',
158 silly addNameRange     '0.6.0',
158 silly addNameRange     '0.7.0',
158 silly addNameRange     '0.7.1',
158 silly addNameRange     '0.8.0',
158 silly addNameRange     '1.0.0',
158 silly addNameRange     '1.1.0',
158 silly addNameRange     '1.1.1',
158 silly addNameRange     '1.1.2',
158 silly addNameRange     '1.2.0',
158 silly addNameRange     '1.3.0',
158 silly addNameRange     '1.4.0',
158 silly addNameRange     '1.4.1',
158 silly addNameRange     '1.5.0',
158 silly addNameRange     '1.4.2',
158 silly addNameRange     '1.4.3',
158 silly addNameRange     '1.5.1',
158 silly addNameRange     '1.5.2',
158 silly addNameRange     '1.6.0',
158 silly addNameRange     '1.5.3',
158 silly addNameRange     '1.6.1',
158 silly addNameRange     '1.6.2',
158 silly addNameRange     '1.7.0',
158 silly addNameRange     '1.8.0',
158 silly addNameRange     '1.8.1',
158 silly addNameRange     '1.8.2',
158 silly addNameRange     '1.8.3',
158 silly addNameRange     '1.8.4',
158 silly addNameRange     '1.9.0',
158 silly addNameRange     '2.0.0',
158 silly addNameRange     '2.0.1',
158 silly addNameRange     '2.0.2',
158 silly addNameRange     '2.0.3',
158 silly addNameRange     '2.0.4',
158 silly addNameRange     '2.0.5',
158 silly addNameRange     '2.0.6',
158 silly addNameRange     '2.0.7',
158 silly addNameRange     '2.0.8',
158 silly addNameRange     '2.0.9',
158 silly addNameRange     '2.1.0',
158 silly addNameRange     '2.2.0',
158 silly addNameRange     '2.2.1',
158 silly addNameRange     '2.3.0',
158 silly addNameRange     '2.3.1',
158 silly addNameRange     '2.3.2',
158 silly addNameRange     '2.3.3',
158 silly addNameRange     '2.3.4',
158 silly addNameRange     '2.3.5',
158 silly addNameRange     '2.4.0',
158 silly addNameRange     '2.5.0',
158 silly addNameRange     '2.5.1',
158 silly addNameRange     '2.6.0',
158 silly addNameRange     '2.6.1',
158 silly addNameRange     '2.6.2',
158 silly addNameRange     '2.7.0',
158 silly addNameRange     '2.8.0' ] ]
159 silly addNamed nan@2.7.0
160 verbose addNamed "2.7.0" is a plain semver version for nan
161 silly cache afterAdd nan@2.7.0
162 verbose afterAdd /home/simone/.npm/nan/2.7.0/package/package.json not in flight; writing
163 verbose afterAdd /home/simone/.npm/nan/2.7.0/package/package.json written
164 silly loadAllDepsIntoIdealTree Finishing
165 silly idealTree:prePrune dialogflow@1.0.0
165 silly idealTree:prePrune ├── accepts@1.3.4
165 silly idealTree:prePrune ├── apiai@4.0.3
165 silly idealTree:prePrune ├── array-flatten@1.1.1
165 silly idealTree:prePrune ├── bindings@1.3.0
165 silly idealTree:prePrune ├── body-parser@1.18.2
165 silly idealTree:prePrune ├── bytes@3.0.0
165 silly idealTree:prePrune ├── content-disposition@0.5.2
165 silly idealTree:prePrune ├── content-type@1.0.4
165 silly idealTree:prePrune ├── cookie-signature@1.0.6
165 silly idealTree:prePrune ├── cookie@0.3.1
165 silly idealTree:prePrune ├── crc@3.4.4
165 silly idealTree:prePrune ├── debug@2.6.9
165 silly idealTree:prePrune ├── depd@1.1.1
165 silly idealTree:prePrune ├── destroy@1.0.4
165 silly idealTree:prePrune ├── ee-first@1.1.1
165 silly idealTree:prePrune ├── ejs@2.5.7
165 silly idealTree:prePrune ├── encodeurl@1.0.1
165 silly idealTree:prePrune ├── epoll@1.0.1
165 silly idealTree:prePrune ├── escape-html@1.0.3
165 silly idealTree:prePrune ├── etag@1.8.1
165 silly idealTree:prePrune ├── express-session@1.15.6
165 silly idealTree:prePrune ├── express@4.16.2
165 silly idealTree:prePrune ├── finalhandler@1.1.0
165 silly idealTree:prePrune ├── forwarded@0.1.2
165 silly idealTree:prePrune ├── fresh@0.5.2
165 silly idealTree:prePrune ├─┬ http-errors@1.6.2
165 silly idealTree:prePrune │ └── setprototypeof@1.0.3
165 silly idealTree:prePrune ├── iconv-lite@0.4.19
165 silly idealTree:prePrune ├── inherits@2.0.3
165 silly idealTree:prePrune ├── ipaddr.js@1.5.2
165 silly idealTree:prePrune ├── media-typer@0.3.0
165 silly idealTree:prePrune ├── merge-descriptors@1.0.1
165 silly idealTree:prePrune ├── methods@1.1.2
165 silly idealTree:prePrune ├── mime-db@1.30.0
165 silly idealTree:prePrune ├── mime-types@2.1.17
165 silly idealTree:prePrune ├── mime@1.4.1
165 silly idealTree:prePrune ├── ms@2.0.0
165 silly idealTree:prePrune ├── nan@2.7.0
165 silly idealTree:prePrune ├── negotiator@0.6.1
165 silly idealTree:prePrune ├── on-finished@2.3.0
165 silly idealTree:prePrune ├── on-headers@1.0.1
165 silly idealTree:prePrune ├── onoff@1.1.8
165 silly idealTree:prePrune ├── parseurl@1.3.2
165 silly idealTree:prePrune ├── path-to-regexp@0.1.7
165 silly idealTree:prePrune ├── proxy-addr@2.0.2
165 silly idealTree:prePrune ├── qs@6.5.1
165 silly idealTree:prePrune ├── random-bytes@1.0.0
165 silly idealTree:prePrune ├── range-parser@1.2.0
165 silly idealTree:prePrune ├── raw-body@2.3.2
165 silly idealTree:prePrune ├── safe-buffer@5.1.1
165 silly idealTree:prePrune ├── send@0.16.1
165 silly idealTree:prePrune ├── serve-static@1.13.1
165 silly idealTree:prePrune ├── setprototypeof@1.1.0
165 silly idealTree:prePrune ├── statuses@1.3.1
165 silly idealTree:prePrune ├── type-is@1.6.15
165 silly idealTree:prePrune ├── uid-safe@2.1.5
165 silly idealTree:prePrune ├── unpipe@1.0.0
165 silly idealTree:prePrune ├── utils-merge@1.0.1
165 silly idealTree:prePrune └── vary@1.1.2
166 silly loadIdealTree Finishing
167 silly currentTree dialogflow@1.0.0
167 silly currentTree ├── accepts@1.3.4
167 silly currentTree ├── apiai@4.0.3
167 silly currentTree ├── array-flatten@1.1.1
167 silly currentTree ├── body-parser@1.18.2
167 silly currentTree ├── bytes@3.0.0
167 silly currentTree ├── content-disposition@0.5.2
167 silly currentTree ├── content-type@1.0.4
167 silly currentTree ├── cookie-signature@1.0.6
167 silly currentTree ├── cookie@0.3.1
167 silly currentTree ├── crc@3.4.4
167 silly currentTree ├── debug@2.6.9
167 silly currentTree ├── depd@1.1.1
167 silly currentTree ├── destroy@1.0.4
167 silly currentTree ├── ee-first@1.1.1
167 silly currentTree ├── ejs@2.5.7
167 silly currentTree ├── encodeurl@1.0.1
167 silly currentTree ├── escape-html@1.0.3
167 silly currentTree ├── etag@1.8.1
167 silly currentTree ├── express-session@1.15.6
167 silly currentTree ├── express@4.16.2
167 silly currentTree ├── finalhandler@1.1.0
167 silly currentTree ├── forwarded@0.1.2
167 silly currentTree ├── fresh@0.5.2
167 silly currentTree ├─┬ http-errors@1.6.2
167 silly currentTree │ └── setprototypeof@1.0.3
167 silly currentTree ├── iconv-lite@0.4.19
167 silly currentTree ├── inherits@2.0.3
167 silly currentTree ├── ipaddr.js@1.5.2
167 silly currentTree ├── media-typer@0.3.0
167 silly currentTree ├── merge-descriptors@1.0.1
167 silly currentTree ├── methods@1.1.2
167 silly currentTree ├── mime-db@1.30.0
167 silly currentTree ├── mime-types@2.1.17
167 silly currentTree ├── mime@1.4.1
167 silly currentTree ├── ms@2.0.0
167 silly currentTree ├── negotiator@0.6.1
167 silly currentTree ├── on-finished@2.3.0
167 silly currentTree ├── on-headers@1.0.1
167 silly currentTree ├── parseurl@1.3.2
167 silly currentTree ├── path-to-regexp@0.1.7
167 silly currentTree ├── proxy-addr@2.0.2
167 silly currentTree ├── qs@6.5.1
167 silly currentTree ├── random-bytes@1.0.0
167 silly currentTree ├── range-parser@1.2.0
167 silly currentTree ├── raw-body@2.3.2
167 silly currentTree ├── safe-buffer@5.1.1
167 silly currentTree ├── send@0.16.1
167 silly currentTree ├── serve-static@1.13.1
167 silly currentTree ├── setprototypeof@1.1.0
167 silly currentTree ├── statuses@1.3.1
167 silly currentTree ├── type-is@1.6.15
167 silly currentTree ├── uid-safe@2.1.5
167 silly currentTree ├── unpipe@1.0.0
167 silly currentTree ├── utils-merge@1.0.1
167 silly currentTree └── vary@1.1.2
168 silly idealTree dialogflow@1.0.0
168 silly idealTree ├── accepts@1.3.4
168 silly idealTree ├── apiai@4.0.3
168 silly idealTree ├── array-flatten@1.1.1
168 silly idealTree ├── bindings@1.3.0
168 silly idealTree ├── body-parser@1.18.2
168 silly idealTree ├── bytes@3.0.0
168 silly idealTree ├── content-disposition@0.5.2
168 silly idealTree ├── content-type@1.0.4
168 silly idealTree ├── cookie-signature@1.0.6
168 silly idealTree ├── cookie@0.3.1
168 silly idealTree ├── crc@3.4.4
168 silly idealTree ├── debug@2.6.9
168 silly idealTree ├── depd@1.1.1
168 silly idealTree ├── destroy@1.0.4
168 silly idealTree ├── ee-first@1.1.1
168 silly idealTree ├── ejs@2.5.7
168 silly idealTree ├── encodeurl@1.0.1
168 silly idealTree ├── epoll@1.0.1
168 silly idealTree ├── escape-html@1.0.3
168 silly idealTree ├── etag@1.8.1
168 silly idealTree ├── express-session@1.15.6
168 silly idealTree ├── express@4.16.2
168 silly idealTree ├── finalhandler@1.1.0
168 silly idealTree ├── forwarded@0.1.2
168 silly idealTree ├── fresh@0.5.2
168 silly idealTree ├─┬ http-errors@1.6.2
168 silly idealTree │ └── setprototypeof@1.0.3
168 silly idealTree ├── iconv-lite@0.4.19
168 silly idealTree ├── inherits@2.0.3
168 silly idealTree ├── ipaddr.js@1.5.2
168 silly idealTree ├── media-typer@0.3.0
168 silly idealTree ├── merge-descriptors@1.0.1
168 silly idealTree ├── methods@1.1.2
168 silly idealTree ├── mime-db@1.30.0
168 silly idealTree ├── mime-types@2.1.17
168 silly idealTree ├── mime@1.4.1
168 silly idealTree ├── ms@2.0.0
168 silly idealTree ├── nan@2.7.0
168 silly idealTree ├── negotiator@0.6.1
168 silly idealTree ├── on-finished@2.3.0
168 silly idealTree ├── on-headers@1.0.1
168 silly idealTree ├── onoff@1.1.8
168 silly idealTree ├── parseurl@1.3.2
168 silly idealTree ├── path-to-regexp@0.1.7
168 silly idealTree ├── proxy-addr@2.0.2
168 silly idealTree ├── qs@6.5.1
168 silly idealTree ├── random-bytes@1.0.0
168 silly idealTree ├── range-parser@1.2.0
168 silly idealTree ├── raw-body@2.3.2
168 silly idealTree ├── safe-buffer@5.1.1
168 silly idealTree ├── send@0.16.1
168 silly idealTree ├── serve-static@1.13.1
168 silly idealTree ├── setprototypeof@1.1.0
168 silly idealTree ├── statuses@1.3.1
168 silly idealTree ├── type-is@1.6.15
168 silly idealTree ├── uid-safe@2.1.5
168 silly idealTree ├── unpipe@1.0.0
168 silly idealTree ├── utils-merge@1.0.1
168 silly idealTree └── vary@1.1.2
169 silly generateActionsToTake Starting
170 silly install generateActionsToTake
171 silly generateActionsToTake Finishing
172 silly diffTrees action count 8
173 silly diffTrees add bindings@1.3.0
174 silly diffTrees add nan@2.7.0
175 silly diffTrees add epoll@1.0.1
176 silly diffTrees update apiai@4.0.3
177 silly diffTrees update ejs@2.5.7
178 silly diffTrees update express@4.16.2
179 silly diffTrees update express-session@1.15.6
180 silly diffTrees add onoff@1.1.8
181 silly decomposeActions action count 64
182 silly decomposeActions fetch bindings@1.3.0
183 silly decomposeActions extract bindings@1.3.0
184 silly decomposeActions test bindings@1.3.0
185 silly decomposeActions preinstall bindings@1.3.0
186 silly decomposeActions build bindings@1.3.0
187 silly decomposeActions install bindings@1.3.0
188 silly decomposeActions postinstall bindings@1.3.0
189 silly decomposeActions finalize bindings@1.3.0
190 silly decomposeActions fetch nan@2.7.0
191 silly decomposeActions extract nan@2.7.0
192 silly decomposeActions test nan@2.7.0
193 silly decomposeActions preinstall nan@2.7.0
194 silly decomposeActions build nan@2.7.0
195 silly decomposeActions install nan@2.7.0
196 silly decomposeActions postinstall nan@2.7.0
197 silly decomposeActions finalize nan@2.7.0
198 silly decomposeActions fetch epoll@1.0.1
199 silly decomposeActions extract epoll@1.0.1
200 silly decomposeActions test epoll@1.0.1
201 silly decomposeActions preinstall epoll@1.0.1
202 silly decomposeActions build epoll@1.0.1
203 silly decomposeActions install epoll@1.0.1
204 silly decomposeActions postinstall epoll@1.0.1
205 silly decomposeActions finalize epoll@1.0.1
206 silly decomposeActions fetch apiai@4.0.3
207 silly decomposeActions extract apiai@4.0.3
208 silly decomposeActions test apiai@4.0.3
209 silly decomposeActions preinstall apiai@4.0.3
210 silly decomposeActions build apiai@4.0.3
211 silly decomposeActions install apiai@4.0.3
212 silly decomposeActions postinstall apiai@4.0.3
213 silly decomposeActions finalize apiai@4.0.3
214 silly decomposeActions fetch ejs@2.5.7
215 silly decomposeActions extract ejs@2.5.7
216 silly decomposeActions test ejs@2.5.7
217 silly decomposeActions preinstall ejs@2.5.7
218 silly decomposeActions build ejs@2.5.7
219 silly decomposeActions install ejs@2.5.7
220 silly decomposeActions postinstall ejs@2.5.7
221 silly decomposeActions finalize ejs@2.5.7
222 silly decomposeActions fetch express@4.16.2
223 silly decomposeActions extract express@4.16.2
224 silly decomposeActions test express@4.16.2
225 silly decomposeActions preinstall express@4.16.2
226 silly decomposeActions build express@4.16.2
227 silly decomposeActions install express@4.16.2
228 silly decomposeActions postinstall express@4.16.2
229 silly decomposeActions finalize express@4.16.2
230 silly decomposeActions fetch express-session@1.15.6
231 silly decomposeActions extract express-session@1.15.6
232 silly decomposeActions test express-session@1.15.6
233 silly decomposeActions preinstall express-session@1.15.6
234 silly decomposeActions build express-session@1.15.6
235 silly decomposeActions install express-session@1.15.6
236 silly decomposeActions postinstall express-session@1.15.6
237 silly decomposeActions finalize express-session@1.15.6
238 silly decomposeActions fetch onoff@1.1.8
239 silly decomposeActions extract onoff@1.1.8
240 silly decomposeActions test onoff@1.1.8
241 silly decomposeActions preinstall onoff@1.1.8
242 silly decomposeActions build onoff@1.1.8
243 silly decomposeActions install onoff@1.1.8
244 silly decomposeActions postinstall onoff@1.1.8
245 silly decomposeActions finalize onoff@1.1.8
246 silly executeActions Starting
247 silly install executeActions
248 silly doSerial global-install 0
249 silly doParallel fetch 8
250 verbose lock using /home/simone/.npm/_locks/staging-f7fd9e976f7fec75.lock for /home/simone/Scrivania/IS2_Intelli_Home/node_modules/.staging
251 silly doParallel extract 8
252 silly extract bindings@1.3.0
253 silly extract nan@2.7.0
254 silly extract epoll@1.0.1
255 silly extract apiai@4.0.3
256 silly extract ejs@2.5.7
257 silly extract express@4.16.2
258 silly extract express-session@1.15.6
259 silly extract onoff@1.1.8
260 silly addNamed apiai@4.0.3
261 verbose addNamed "4.0.3" is a plain semver version for apiai
262 silly mapToRegistry name apiai
263 silly mapToRegistry using default registry
264 silly mapToRegistry registry https://registry.npmjs.org/
265 silly mapToRegistry uri https://registry.npmjs.org/apiai
266 verbose addNameVersion registry:https://registry.npmjs.org/apiai not in flight; fetching
267 silly addNamed ejs@2.5.7
268 verbose addNamed "2.5.7" is a plain semver version for ejs
269 silly mapToRegistry name ejs
270 silly mapToRegistry using default registry
271 silly mapToRegistry registry https://registry.npmjs.org/
272 silly mapToRegistry uri https://registry.npmjs.org/ejs
273 verbose addNameVersion registry:https://registry.npmjs.org/ejs not in flight; fetching
274 silly addNamed express@4.16.2
275 verbose addNamed "4.16.2" is a plain semver version for express
276 silly mapToRegistry name express
277 silly mapToRegistry using default registry
278 silly mapToRegistry registry https://registry.npmjs.org/
279 silly mapToRegistry uri https://registry.npmjs.org/express
280 verbose addNameVersion registry:https://registry.npmjs.org/express not in flight; fetching
281 silly addNamed express-session@1.15.6
282 verbose addNamed "1.15.6" is a plain semver version for express-session
283 silly mapToRegistry name express-session
284 silly mapToRegistry using default registry
285 silly mapToRegistry registry https://registry.npmjs.org/
286 silly mapToRegistry uri https://registry.npmjs.org/express-session
287 verbose addNameVersion registry:https://registry.npmjs.org/express-session not in flight; fetching
288 verbose unbuild node_modules/.staging/bindings-264e70a3
289 verbose unbuild node_modules/.staging/nan-92f20184
290 verbose unbuild node_modules/.staging/epoll-e62f4125
291 verbose unbuild node_modules/.staging/onoff-c077209c
292 silly gentlyRm /home/simone/Scrivania/IS2_Intelli_Home/node_modules/.staging/bindings-264e70a3 is being purged from base /home/simone/Scrivania/IS2_Intelli_Home
293 verbose gentlyRm don't care about contents; nuking /home/simone/Scrivania/IS2_Intelli_Home/node_modules/.staging/bindings-264e70a3
294 silly gentlyRm /home/simone/Scrivania/IS2_Intelli_Home/node_modules/.staging/nan-92f20184 is being purged from base /home/simone/Scrivania/IS2_Intelli_Home
295 verbose gentlyRm don't care about contents; nuking /home/simone/Scrivania/IS2_Intelli_Home/node_modules/.staging/nan-92f20184
296 silly gentlyRm /home/simone/Scrivania/IS2_Intelli_Home/node_modules/.staging/epoll-e62f4125 is being purged from base /home/simone/Scrivania/IS2_Intelli_Home
297 verbose gentlyRm don't care about contents; nuking /home/simone/Scrivania/IS2_Intelli_Home/node_modules/.staging/epoll-e62f4125
298 verbose request uri https://registry.npmjs.org/apiai
299 verbose request no auth needed
300 info attempt registry request try #1 at 11:02:48
301 verbose etag "59f81119-79a5"
302 verbose lastModified Tue, 31 Oct 2017 5:58:49 GMT
303 http request GET https://registry.npmjs.org/apiai
304 verbose request uri https://registry.npmjs.org/ejs
305 verbose request no auth needed
306 info attempt registry request try #1 at 11:02:48
307 verbose etag "5a26b50a-1146b"
308 verbose lastModified Tue, 5 Dec 2017 15:02:34 GMT
309 http request GET https://registry.npmjs.org/ejs
310 verbose request uri https://registry.npmjs.org/express-session
311 verbose request no auth needed
312 info attempt registry request try #1 at 11:02:48
313 verbose etag "5a1f272d-20f6a"
314 verbose lastModified Wed, 29 Nov 2017 21:31:25 GMT
315 http request GET https://registry.npmjs.org/express-session
316 verbose request uri https://registry.npmjs.org/express
317 verbose request no auth needed
318 info attempt registry request try #1 at 11:02:48
319 verbose etag "5a29a96b-937fb"
320 verbose lastModified Thu, 7 Dec 2017 20:49:47 GMT
321 http request GET https://registry.npmjs.org/express
322 silly gentlyRm /home/simone/Scrivania/IS2_Intelli_Home/node_modules/.staging/onoff-c077209c is being purged from base /home/simone/Scrivania/IS2_Intelli_Home
323 verbose gentlyRm don't care about contents; nuking /home/simone/Scrivania/IS2_Intelli_Home/node_modules/.staging/onoff-c077209c
324 verbose tar unpack /home/simone/.npm/bindings/1.3.0/package.tgz
325 verbose tar unpacking to /home/simone/Scrivania/IS2_Intelli_Home/node_modules/.staging/bindings-264e70a3
326 silly gentlyRm /home/simone/Scrivania/IS2_Intelli_Home/node_modules/.staging/bindings-264e70a3 is being purged
327 verbose gentlyRm don't care about contents; nuking /home/simone/Scrivania/IS2_Intelli_Home/node_modules/.staging/bindings-264e70a3
328 verbose tar unpack /home/simone/.npm/nan/2.7.0/package.tgz
329 verbose tar unpacking to /home/simone/Scrivania/IS2_Intelli_Home/node_modules/.staging/nan-92f20184
330 silly gentlyRm /home/simone/Scrivania/IS2_Intelli_Home/node_modules/.staging/nan-92f20184 is being purged
331 verbose gentlyRm don't care about contents; nuking /home/simone/Scrivania/IS2_Intelli_Home/node_modules/.staging/nan-92f20184
332 verbose tar unpack /home/simone/.npm/epoll/1.0.1/package.tgz
333 verbose tar unpacking to /home/simone/Scrivania/IS2_Intelli_Home/node_modules/.staging/epoll-e62f4125
334 silly gentlyRm /home/simone/Scrivania/IS2_Intelli_Home/node_modules/.staging/epoll-e62f4125 is being purged
335 verbose gentlyRm don't care about contents; nuking /home/simone/Scrivania/IS2_Intelli_Home/node_modules/.staging/epoll-e62f4125
336 verbose tar unpack /home/simone/.npm/onoff/1.1.8/package.tgz
337 verbose tar unpacking to /home/simone/Scrivania/IS2_Intelli_Home/node_modules/.staging/onoff-c077209c
338 silly gentlyRm /home/simone/Scrivania/IS2_Intelli_Home/node_modules/.staging/onoff-c077209c is being purged
339 verbose gentlyRm don't care about contents; nuking /home/simone/Scrivania/IS2_Intelli_Home/node_modules/.staging/onoff-c077209c
340 silly gunzTarPerm modes [ '755', '644' ]
341 silly gunzTarPerm modes [ '755', '644' ]
342 silly gunzTarPerm modes [ '755', '644' ]
343 silly gunzTarPerm modes [ '755', '644' ]
344 silly gunzTarPerm extractEntry package.json
345 silly gunzTarPerm extractEntry package.json
346 silly gunzTarPerm modified mode [ 'package.json', 436, 420 ]
347 silly gunzTarPerm extractEntry package.json
348 silly gunzTarPerm modified mode [ 'package.json', 436, 420 ]
349 silly gunzTarPerm extractEntry package.json
350 silly gunzTarPerm modified mode [ 'package.json', 436, 420 ]
351 silly gunzTarPerm extractEntry README.md
352 silly gunzTarPerm extractEntry bindings.js
353 silly gunzTarPerm extractEntry README.md
354 silly gunzTarPerm modified mode [ 'README.md', 436, 420 ]
355 silly gunzTarPerm extractEntry binding.gyp
356 silly gunzTarPerm modified mode [ 'binding.gyp', 436, 420 ]
357 silly gunzTarPerm extractEntry epoll.js
358 silly gunzTarPerm modified mode [ 'epoll.js', 436, 420 ]
359 silly gunzTarPerm extractEntry .npmignore
360 silly gunzTarPerm modified mode [ '.npmignore', 436, 420 ]
361 silly gunzTarPerm extractEntry README.md
362 silly gunzTarPerm modified mode [ 'README.md', 436, 420 ]
363 silly gunzTarPerm extractEntry include_dirs.js
364 silly gunzTarPerm modified mode [ 'include_dirs.js', 436, 420 ]
365 silly gunzTarPerm extractEntry nan_converters_43_inl.h
366 silly gunzTarPerm modified mode [ 'nan_converters_43_inl.h', 436, 420 ]
367 silly gunzTarPerm extractEntry LICENSE.md
368 silly gunzTarPerm modified mode [ 'LICENSE.md', 436, 420 ]
369 silly gunzTarPerm extractEntry doc/new.md
370 silly gunzTarPerm modified mode [ 'doc/new.md', 436, 420 ]
371 silly gunzTarPerm extractEntry History.md
372 silly gunzTarPerm modified mode [ 'History.md', 436, 420 ]
373 silly gunzTarPerm extractEntry LICENSE
374 silly gunzTarPerm modified mode [ 'LICENSE', 436, 420 ]
375 silly gunzTarPerm extractEntry LICENSE
376 silly gunzTarPerm modified mode [ 'LICENSE', 436, 420 ]
377 silly gunzTarPerm extractEntry doc/asyncworker.md
378 silly gunzTarPerm modified mode [ 'doc/asyncworker.md', 436, 420 ]
379 silly gunzTarPerm extractEntry README.md
380 silly gunzTarPerm modified mode [ 'README.md', 436, 420 ]
381 silly gunzTarPerm extractEntry example/interrupts-per-second/export
382 silly gunzTarPerm modified mode [ 'example/interrupts-per-second/export', 509, 493 ]
383 silly gunzTarPerm extractEntry example/interrupts-per-second/interrupts-per-second.js
384 silly gunzTarPerm modified mode [ 'example/interrupts-per-second/interrupts-per-second.js',
384 silly gunzTarPerm   436,
384 silly gunzTarPerm   420 ]
385 silly gunzTarPerm extractEntry example/interrupts-per-second/unexport
386 silly gunzTarPerm modified mode [ 'example/interrupts-per-second/unexport', 509, 493 ]
387 silly gunzTarPerm extractEntry example/watch-button/export
388 silly gunzTarPerm modified mode [ 'example/watch-button/export', 509, 493 ]
389 silly gunzTarPerm extractEntry example/watch-button/unexport
390 silly gunzTarPerm modified mode [ 'example/watch-button/unexport', 509, 493 ]
391 silly gunzTarPerm extractEntry example/watch-button/watch-button.js
392 silly gunzTarPerm modified mode [ 'example/watch-button/watch-button.js', 436, 420 ]
393 silly gunzTarPerm extractEntry src/epoll.cc
394 silly gunzTarPerm modified mode [ 'src/epoll.cc', 436, 420 ]
395 silly gunzTarPerm extractEntry src/epoll.h
396 silly gunzTarPerm modified mode [ 'src/epoll.h', 436, 420 ]
397 silly gunzTarPerm extractEntry test/brute-force-leak-check.js
398 silly gunzTarPerm modified mode [ 'test/brute-force-leak-check.js', 436, 420 ]
399 silly gunzTarPerm extractEntry test/closed.js
400 silly gunzTarPerm modified mode [ 'test/closed.js', 436, 420 ]
401 silly gunzTarPerm extractEntry test/do-almost-nothing.js
402 silly gunzTarPerm modified mode [ 'test/do-almost-nothing.js', 436, 420 ]
403 silly gunzTarPerm extractEntry test/do-nothing.js
404 silly gunzTarPerm modified mode [ 'test/do-nothing.js', 436, 420 ]
405 silly gunzTarPerm extractEntry test/no-gc-allowed.js
406 silly gunzTarPerm modified mode [ 'test/no-gc-allowed.js', 436, 420 ]
407 silly gunzTarPerm extractEntry test/one-shot.js
408 silly gunzTarPerm modified mode [ 'test/one-shot.js', 436, 420 ]
409 silly gunzTarPerm extractEntry test/performance-check.js
410 silly gunzTarPerm modified mode [ 'test/performance-check.js', 436, 420 ]
411 silly gunzTarPerm extractEntry test/run-tests
412 silly gunzTarPerm modified mode [ 'test/run-tests', 509, 493 ]
413 silly gunzTarPerm extractEntry test/two-shot.js
414 silly gunzTarPerm modified mode [ 'test/two-shot.js', 436, 420 ]
415 silly gunzTarPerm extractEntry test/util.js
416 silly gunzTarPerm modified mode [ 'test/util.js', 436, 420 ]
417 silly gunzTarPerm extractEntry test/verify-events.js
418 silly gunzTarPerm modified mode [ 'test/verify-events.js', 436, 420 ]
419 silly gunzTarPerm extractEntry onoff.js
420 silly gunzTarPerm modified mode [ 'onoff.js', 436, 420 ]
421 silly gunzTarPerm extractEntry History.md
422 silly gunzTarPerm modified mode [ 'History.md', 436, 420 ]
423 silly gunzTarPerm extractEntry examples/blink-led-async.js
424 silly gunzTarPerm modified mode [ 'examples/blink-led-async.js', 436, 420 ]
425 silly gunzTarPerm extractEntry doc/callback.md
426 silly gunzTarPerm modified mode [ 'doc/callback.md', 436, 420 ]
427 silly gunzTarPerm extractEntry doc/converters.md
428 silly gunzTarPerm modified mode [ 'doc/converters.md', 436, 420 ]
429 silly gunzTarPerm extractEntry examples/blink-led.js
430 silly gunzTarPerm modified mode [ 'examples/blink-led.js', 436, 420 ]
431 silly gunzTarPerm extractEntry examples/light-switch.js
432 silly gunzTarPerm modified mode [ 'examples/light-switch.js', 436, 420 ]
433 silly gunzTarPerm extractEntry doc/errors.md
434 silly gunzTarPerm modified mode [ 'doc/errors.md', 436, 420 ]
435 silly gunzTarPerm extractEntry doc/json.md
436 silly gunzTarPerm modified mode [ 'doc/json.md', 436, 420 ]
437 silly gunzTarPerm extractEntry examples/wait-for-interrupt.js
438 silly gunzTarPerm modified mode [ 'examples/wait-for-interrupt.js', 436, 420 ]
439 silly gunzTarPerm extractEntry examples/light-switch.png
440 silly gunzTarPerm modified mode [ 'examples/light-switch.png', 436, 420 ]
441 silly gunzTarPerm extractEntry doc/maybe_types.md
442 silly gunzTarPerm modified mode [ 'doc/maybe_types.md', 436, 420 ]
443 silly gunzTarPerm extractEntry doc/methods.md
444 silly gunzTarPerm modified mode [ 'doc/methods.md', 436, 420 ]
445 silly gentlyRm /home/simone/Scrivania/IS2_Intelli_Home/node_modules/.staging/bindings-264e70a3/node_modules is being purged
446 verbose gentlyRm don't care about contents; nuking /home/simone/Scrivania/IS2_Intelli_Home/node_modules/.staging/bindings-264e70a3/node_modules
447 silly gunzTarPerm extractEntry doc/buffers.md
448 silly gunzTarPerm modified mode [ 'doc/buffers.md', 436, 420 ]
449 silly gunzTarPerm extractEntry doc/node_misc.md
450 silly gunzTarPerm modified mode [ 'doc/node_misc.md', 436, 420 ]
451 silly gunzTarPerm extractEntry doc/object_wrappers.md
452 silly gunzTarPerm modified mode [ 'doc/object_wrappers.md', 436, 420 ]
453 silly gunzTarPerm extractEntry doc/persistent.md
454 silly gunzTarPerm modified mode [ 'doc/persistent.md', 436, 420 ]
455 silly gunzTarPerm extractEntry examples/mygpio-overlay.dts
456 silly gunzTarPerm modified mode [ 'examples/mygpio-overlay.dts', 436, 420 ]
457 silly gunzTarPerm extractEntry examples/run-examples
458 silly gunzTarPerm modified mode [ 'examples/run-examples', 509, 493 ]
459 silly gunzTarPerm extractEntry test/blink-led.js
460 silly gunzTarPerm modified mode [ 'test/blink-led.js', 436, 420 ]
461 silly gunzTarPerm extractEntry doc/scopes.md
462 silly gunzTarPerm modified mode [ 'doc/scopes.md', 436, 420 ]
463 silly gunzTarPerm extractEntry test/configure-and-check-input.js
464 silly gunzTarPerm modified mode [ 'test/configure-and-check-input.js', 436, 420 ]
465 silly gunzTarPerm extractEntry test/configure-and-check-output.js
466 silly gunzTarPerm modified mode [ 'test/configure-and-check-output.js', 436, 420 ]
467 silly gunzTarPerm extractEntry doc/script.md
468 silly gunzTarPerm modified mode [ 'doc/script.md', 436, 420 ]
469 silly gunzTarPerm extractEntry doc/string_bytes.md
470 silly gunzTarPerm modified mode [ 'doc/string_bytes.md', 436, 420 ]
471 silly gunzTarPerm extractEntry test/export-many-times.js
472 silly gunzTarPerm modified mode [ 'test/export-many-times.js', 436, 420 ]
473 silly gunzTarPerm extractEntry test/many-interrupts.js
474 silly gunzTarPerm modified mode [ 'test/many-interrupts.js', 436, 420 ]
475 silly gunzTarPerm extractEntry doc/v8_internals.md
476 silly gunzTarPerm modified mode [ 'doc/v8_internals.md', 436, 420 ]
477 silly gunzTarPerm extractEntry doc/v8_misc.md
478 silly gunzTarPerm modified mode [ 'doc/v8_misc.md', 436, 420 ]
479 silly gunzTarPerm extractEntry test/configure-and-check-active-low.js
480 silly gunzTarPerm modified mode [ 'test/configure-and-check-active-low.js', 436, 420 ]
481 silly gunzTarPerm extractEntry test/performance-interrupt.js
482 silly gunzTarPerm modified mode [ 'test/performance-interrupt.js', 436, 420 ]
483 silly gunzTarPerm extractEntry test/performance-sync.js
484 silly gunzTarPerm modified mode [ 'test/performance-sync.js', 436, 420 ]
485 silly gunzTarPerm extractEntry nan.h
486 silly gunzTarPerm modified mode [ 'nan.h', 436, 420 ]
487 silly gunzTarPerm extractEntry nan_callbacks.h
488 silly gunzTarPerm modified mode [ 'nan_callbacks.h', 436, 420 ]
489 silly gunzTarPerm extractEntry test/wait-for-interrupt.js
490 silly gunzTarPerm modified mode [ 'test/wait-for-interrupt.js', 436, 420 ]
491 silly gunzTarPerm extractEntry test/wait-for-many-interrupts.js
492 silly gunzTarPerm modified mode [ 'test/wait-for-many-interrupts.js', 436, 420 ]
493 silly gunzTarPerm extractEntry test/performance-async.js
494 silly gunzTarPerm modified mode [ 'test/performance-async.js', 436, 420 ]
495 silly gunzTarPerm extractEntry test/run-tests
496 silly gunzTarPerm modified mode [ 'test/run-tests', 509, 493 ]
497 silly gunzTarPerm extractEntry nan_callbacks_12_inl.h
498 silly gunzTarPerm modified mode [ 'nan_callbacks_12_inl.h', 436, 420 ]
499 silly gunzTarPerm extractEntry nan_callbacks_pre_12_inl.h
500 silly gunzTarPerm modified mode [ 'nan_callbacks_pre_12_inl.h', 436, 420 ]
501 silly gunzTarPerm extractEntry nan_converters.h
502 silly gunzTarPerm modified mode [ 'nan_converters.h', 436, 420 ]
503 silly gunzTarPerm extractEntry nan_converters_pre_43_inl.h
504 silly gunzTarPerm modified mode [ 'nan_converters_pre_43_inl.h', 436, 420 ]
505 silly gunzTarPerm extractEntry nan_implementation_12_inl.h
506 silly gunzTarPerm modified mode [ 'nan_implementation_12_inl.h', 436, 420 ]
507 silly gunzTarPerm extractEntry nan_implementation_pre_12_inl.h
508 silly gunzTarPerm modified mode [ 'nan_implementation_pre_12_inl.h', 436, 420 ]
509 silly gunzTarPerm extractEntry nan_json.h
510 silly gunzTarPerm modified mode [ 'nan_json.h', 436, 420 ]
511 silly gunzTarPerm extractEntry nan_maybe_43_inl.h
512 silly gunzTarPerm modified mode [ 'nan_maybe_43_inl.h', 436, 420 ]
513 silly gunzTarPerm extractEntry nan_maybe_pre_43_inl.h
514 silly gunzTarPerm modified mode [ 'nan_maybe_pre_43_inl.h', 436, 420 ]
515 silly gunzTarPerm extractEntry nan_new.h
516 silly gunzTarPerm modified mode [ 'nan_new.h', 436, 420 ]
517 silly gunzTarPerm extractEntry nan_object_wrap.h
518 silly gunzTarPerm modified mode [ 'nan_object_wrap.h', 436, 420 ]
519 silly gunzTarPerm extractEntry nan_persistent_12_inl.h
520 silly gunzTarPerm modified mode [ 'nan_persistent_12_inl.h', 436, 420 ]
521 silly gunzTarPerm extractEntry nan_persistent_pre_12_inl.h
522 silly gunzTarPerm modified mode [ 'nan_persistent_pre_12_inl.h', 436, 420 ]
523 silly gunzTarPerm extractEntry nan_private.h
524 silly gunzTarPerm modified mode [ 'nan_private.h', 436, 420 ]
525 silly gunzTarPerm extractEntry nan_string_bytes.h
526 silly gunzTarPerm modified mode [ 'nan_string_bytes.h', 436, 420 ]
527 silly gunzTarPerm extractEntry nan_typedarray_contents.h
528 silly gunzTarPerm modified mode [ 'nan_typedarray_contents.h', 436, 420 ]
529 silly gunzTarPerm extractEntry nan_weak.h
530 silly gunzTarPerm modified mode [ 'nan_weak.h', 436, 420 ]
531 silly gunzTarPerm extractEntry CHANGELOG.md
532 silly gunzTarPerm modified mode [ 'CHANGELOG.md', 436, 420 ]
533 silly gunzTarPerm extractEntry tools/package.json
534 silly gunzTarPerm modified mode [ 'tools/package.json', 436, 420 ]
535 silly gunzTarPerm extractEntry tools/README.md
536 silly gunzTarPerm modified mode [ 'tools/README.md', 436, 420 ]
537 http 304 https://registry.npmjs.org/apiai
538 verbose headers { date: 'Fri, 08 Dec 2017 10:02:48 GMT',
538 verbose headers   via: '1.1 varnish',
538 verbose headers   'cache-control': 'max-age=300',
538 verbose headers   etag: '"59f81119-79a5"',
538 verbose headers   age: '812',
538 verbose headers   connection: 'keep-alive',
538 verbose headers   'x-served-by': 'cache-hhn1536-HHN',
538 verbose headers   'x-cache': 'HIT',
538 verbose headers   'x-cache-hits': '1',
538 verbose headers   'x-timer': 'S1512727368.061080,VS0,VE0',
538 verbose headers   vary: 'Accept-Encoding, Accept' }
539 silly get cb [ 304,
539 silly get   { date: 'Fri, 08 Dec 2017 10:02:48 GMT',
539 silly get     via: '1.1 varnish',
539 silly get     'cache-control': 'max-age=300',
539 silly get     etag: '"59f81119-79a5"',
539 silly get     age: '812',
539 silly get     connection: 'keep-alive',
539 silly get     'x-served-by': 'cache-hhn1536-HHN',
539 silly get     'x-cache': 'HIT',
539 silly get     'x-cache-hits': '1',
539 silly get     'x-timer': 'S1512727368.061080,VS0,VE0',
539 silly get     vary: 'Accept-Encoding, Accept' } ]
540 verbose etag https://registry.npmjs.org/apiai from cache
541 verbose get saving apiai to /home/simone/.npm/registry.npmjs.org/apiai/.cache.json
542 silly gunzTarPerm extractEntry tools/1to2.js
543 silly gunzTarPerm modified mode [ 'tools/1to2.js', 509, 493 ]
544 silly mapToRegistry name apiai
545 silly mapToRegistry using default registry
546 silly mapToRegistry registry https://registry.npmjs.org/
547 silly mapToRegistry uri https://registry.npmjs.org/apiai
548 verbose addRemoteTarball https://registry.npmjs.org/apiai/-/apiai-4.0.3.tgz not in flight; adding
549 verbose addRemoteTarball [ 'https://registry.npmjs.org/apiai/-/apiai-4.0.3.tgz',
549 verbose addRemoteTarball   '2d1aa3bad1fd9418deaada509369e84e011efaf8' ]
550 info retry fetch attempt 1 at 11:02:48
551 info attempt registry request try #1 at 11:02:48
552 http fetch GET https://registry.npmjs.org/apiai/-/apiai-4.0.3.tgz
553 http 304 https://registry.npmjs.org/ejs
554 verbose headers { date: 'Fri, 08 Dec 2017 10:02:48 GMT',
554 verbose headers   via: '1.1 varnish',
554 verbose headers   'cache-control': 'max-age=300',
554 verbose headers   etag: '"5a26b50a-1146b"',
554 verbose headers   age: '2214',
554 verbose headers   connection: 'keep-alive',
554 verbose headers   'x-served-by': 'cache-hhn1540-HHN',
554 verbose headers   'x-cache': 'HIT',
554 verbose headers   'x-cache-hits': '2',
554 verbose headers   'x-timer': 'S1512727368.068868,VS0,VE0',
554 verbose headers   vary: 'Accept-Encoding, Accept' }
555 silly get cb [ 304,
555 silly get   { date: 'Fri, 08 Dec 2017 10:02:48 GMT',
555 silly get     via: '1.1 varnish',
555 silly get     'cache-control': 'max-age=300',
555 silly get     etag: '"5a26b50a-1146b"',
555 silly get     age: '2214',
555 silly get     connection: 'keep-alive',
555 silly get     'x-served-by': 'cache-hhn1540-HHN',
555 silly get     'x-cache': 'HIT',
555 silly get     'x-cache-hits': '2',
555 silly get     'x-timer': 'S1512727368.068868,VS0,VE0',
555 silly get     vary: 'Accept-Encoding, Accept' } ]
556 verbose etag https://registry.npmjs.org/ejs from cache
557 verbose get saving ejs to /home/simone/.npm/registry.npmjs.org/ejs/.cache.json
558 silly mapToRegistry name ejs
559 silly mapToRegistry using default registry
560 silly mapToRegistry registry https://registry.npmjs.org/
561 silly mapToRegistry uri https://registry.npmjs.org/ejs
562 verbose addRemoteTarball https://registry.npmjs.org/ejs/-/ejs-2.5.7.tgz not in flight; adding
563 verbose addRemoteTarball [ 'https://registry.npmjs.org/ejs/-/ejs-2.5.7.tgz',
563 verbose addRemoteTarball   'cc872c168880ae3c7189762fd5ffc00896c9518a' ]
564 info retry fetch attempt 1 at 11:02:48
565 info attempt registry request try #1 at 11:02:48
566 http fetch GET https://registry.npmjs.org/ejs/-/ejs-2.5.7.tgz
567 silly gentlyRm /home/simone/Scrivania/IS2_Intelli_Home/node_modules/.staging/epoll-e62f4125/node_modules is being purged
568 verbose gentlyRm don't care about contents; nuking /home/simone/Scrivania/IS2_Intelli_Home/node_modules/.staging/epoll-e62f4125/node_modules
569 silly gentlyRm /home/simone/Scrivania/IS2_Intelli_Home/node_modules/.staging/onoff-c077209c/node_modules is being purged
570 verbose gentlyRm don't care about contents; nuking /home/simone/Scrivania/IS2_Intelli_Home/node_modules/.staging/onoff-c077209c/node_modules
571 silly gentlyRm /home/simone/Scrivania/IS2_Intelli_Home/node_modules/.staging/nan-92f20184/node_modules is being purged
572 verbose gentlyRm don't care about contents; nuking /home/simone/Scrivania/IS2_Intelli_Home/node_modules/.staging/nan-92f20184/node_modules
573 http fetch 200 https://registry.npmjs.org/apiai/-/apiai-4.0.3.tgz
574 silly fetchAndShaCheck shasum 2d1aa3bad1fd9418deaada509369e84e011efaf8
575 verbose addTmpTarball /tmp/npm-25111-0306b73e/registry.npmjs.org/apiai/-/apiai-4.0.3.tgz not in flight; adding
576 verbose addTmpTarball already have metadata; skipping unpack for apiai@4.0.3
577 verbose unbuild node_modules/.staging/apiai-e9ea1b24
578 silly gentlyRm /home/simone/Scrivania/IS2_Intelli_Home/node_modules/.staging/apiai-e9ea1b24 is being purged from base /home/simone/Scrivania/IS2_Intelli_Home
579 verbose gentlyRm don't care about contents; nuking /home/simone/Scrivania/IS2_Intelli_Home/node_modules/.staging/apiai-e9ea1b24
580 verbose tar unpack /home/simone/.npm/apiai/4.0.3/package.tgz
581 verbose tar unpacking to /home/simone/Scrivania/IS2_Intelli_Home/node_modules/.staging/apiai-e9ea1b24
582 silly gentlyRm /home/simone/Scrivania/IS2_Intelli_Home/node_modules/.staging/apiai-e9ea1b24 is being purged
583 verbose gentlyRm don't care about contents; nuking /home/simone/Scrivania/IS2_Intelli_Home/node_modules/.staging/apiai-e9ea1b24
584 silly gunzTarPerm modes [ '755', '644' ]
585 silly gunzTarPerm extractEntry package.json
586 silly gunzTarPerm extractEntry README.md
587 silly gunzTarPerm extractEntry LICENSE
588 silly gunzTarPerm extractEntry index.js
589 silly gunzTarPerm extractEntry index.d.ts
590 silly gunzTarPerm extractEntry module/apiai.js
591 silly gunzTarPerm extractEntry module/event_request.js
592 silly gunzTarPerm extractEntry module/exceptions.js
593 silly gunzTarPerm extractEntry module/get_contexts_request.js
594 silly gunzTarPerm extractEntry module/delete_contexts_request.js
595 silly gunzTarPerm extractEntry module/query_request.js
596 silly gunzTarPerm extractEntry module/request.js
597 silly gunzTarPerm extractEntry module/text_request.js
598 silly gunzTarPerm extractEntry module/tts_request.js
599 silly gunzTarPerm extractEntry module/user_entities_request.js
600 silly gunzTarPerm extractEntry module/contexts_request.js
601 silly gunzTarPerm extractEntry module/voice_request.js
602 silly gunzTarPerm extractEntry module/json_api_request.js
603 http fetch 200 https://registry.npmjs.org/ejs/-/ejs-2.5.7.tgz
604 silly gentlyRm /home/simone/Scrivania/IS2_Intelli_Home/node_modules/.staging/apiai-e9ea1b24/node_modules is being purged
605 verbose gentlyRm don't care about contents; nuking /home/simone/Scrivania/IS2_Intelli_Home/node_modules/.staging/apiai-e9ea1b24/node_modules
606 http 304 https://registry.npmjs.org/express
607 verbose headers { date: 'Fri, 08 Dec 2017 10:02:48 GMT',
607 verbose headers   via: '1.1 varnish',
607 verbose headers   'cache-control': 'max-age=300',
607 verbose headers   etag: '"5a29a96b-937fb"',
607 verbose headers   age: '685',
607 verbose headers   connection: 'keep-alive',
607 verbose headers   'x-served-by': 'cache-hhn1524-HHN',
607 verbose headers   'x-cache': 'HIT',
607 verbose headers   'x-cache-hits': '1',
607 verbose headers   'x-timer': 'S1512727368.183918,VS0,VE3',
607 verbose headers   vary: 'Accept-Encoding, Accept' }
608 silly get cb [ 304,
608 silly get   { date: 'Fri, 08 Dec 2017 10:02:48 GMT',
608 silly get     via: '1.1 varnish',
608 silly get     'cache-control': 'max-age=300',
608 silly get     etag: '"5a29a96b-937fb"',
608 silly get     age: '685',
608 silly get     connection: 'keep-alive',
608 silly get     'x-served-by': 'cache-hhn1524-HHN',
608 silly get     'x-cache': 'HIT',
608 silly get     'x-cache-hits': '1',
608 silly get     'x-timer': 'S1512727368.183918,VS0,VE3',
608 silly get     vary: 'Accept-Encoding, Accept' } ]
609 verbose etag https://registry.npmjs.org/express from cache
610 verbose get saving express to /home/simone/.npm/registry.npmjs.org/express/.cache.json
611 silly mapToRegistry name express
612 silly mapToRegistry using default registry
613 silly mapToRegistry registry https://registry.npmjs.org/
614 silly mapToRegistry uri https://registry.npmjs.org/express
615 verbose addRemoteTarball https://registry.npmjs.org/express/-/express-4.16.2.tgz not in flight; adding
616 verbose addRemoteTarball [ 'https://registry.npmjs.org/express/-/express-4.16.2.tgz',
616 verbose addRemoteTarball   'e35c6dfe2d64b7dca0a5cd4f21781be3299e076c' ]
617 info retry fetch attempt 1 at 11:02:48
618 info attempt registry request try #1 at 11:02:48
619 http fetch GET https://registry.npmjs.org/express/-/express-4.16.2.tgz
620 http 304 https://registry.npmjs.org/express-session
621 verbose headers { date: 'Fri, 08 Dec 2017 10:02:48 GMT',
621 verbose headers   via: '1.1 varnish',
621 verbose headers   'cache-control': 'max-age=300',
621 verbose headers   etag: '"5a1f272d-20f6a"',
621 verbose headers   age: '1617',
621 verbose headers   connection: 'keep-alive',
621 verbose headers   'x-served-by': 'cache-hhn1546-HHN',
621 verbose headers   'x-cache': 'HIT',
621 verbose headers   'x-cache-hits': '1',
621 verbose headers   'x-timer': 'S1512727368.195871,VS0,VE1',
621 verbose headers   vary: 'Accept-Encoding, Accept' }
622 silly get cb [ 304,
622 silly get   { date: 'Fri, 08 Dec 2017 10:02:48 GMT',
622 silly get     via: '1.1 varnish',
622 silly get     'cache-control': 'max-age=300',
622 silly get     etag: '"5a1f272d-20f6a"',
622 silly get     age: '1617',
622 silly get     connection: 'keep-alive',
622 silly get     'x-served-by': 'cache-hhn1546-HHN',
622 silly get     'x-cache': 'HIT',
622 silly get     'x-cache-hits': '1',
622 silly get     'x-timer': 'S1512727368.195871,VS0,VE1',
622 silly get     vary: 'Accept-Encoding, Accept' } ]
623 verbose etag https://registry.npmjs.org/express-session from cache
624 verbose get saving express-session to /home/simone/.npm/registry.npmjs.org/express-session/.cache.json
625 silly mapToRegistry name express-session
626 silly mapToRegistry using default registry
627 silly mapToRegistry registry https://registry.npmjs.org/
628 silly mapToRegistry uri https://registry.npmjs.org/express-session
629 verbose addRemoteTarball https://registry.npmjs.org/express-session/-/express-session-1.15.6.tgz not in flight; adding
630 verbose addRemoteTarball [ 'https://registry.npmjs.org/express-session/-/express-session-1.15.6.tgz',
630 verbose addRemoteTarball   '47b4160c88f42ab70fe8a508e31cbff76757ab0a' ]
631 info retry fetch attempt 1 at 11:02:48
632 info attempt registry request try #1 at 11:02:48
633 http fetch GET https://registry.npmjs.org/express-session/-/express-session-1.15.6.tgz
634 silly fetchAndShaCheck shasum cc872c168880ae3c7189762fd5ffc00896c9518a
635 verbose addTmpTarball /tmp/npm-25111-0306b73e/registry.npmjs.org/ejs/-/ejs-2.5.7.tgz not in flight; adding
636 verbose addTmpTarball already have metadata; skipping unpack for ejs@2.5.7
637 verbose unbuild node_modules/.staging/ejs-3015c6f8
638 silly gentlyRm /home/simone/Scrivania/IS2_Intelli_Home/node_modules/.staging/ejs-3015c6f8 is being purged from base /home/simone/Scrivania/IS2_Intelli_Home
639 verbose gentlyRm don't care about contents; nuking /home/simone/Scrivania/IS2_Intelli_Home/node_modules/.staging/ejs-3015c6f8
640 verbose tar unpack /home/simone/.npm/ejs/2.5.7/package.tgz
641 verbose tar unpacking to /home/simone/Scrivania/IS2_Intelli_Home/node_modules/.staging/ejs-3015c6f8
642 silly gentlyRm /home/simone/Scrivania/IS2_Intelli_Home/node_modules/.staging/ejs-3015c6f8 is being purged
643 verbose gentlyRm don't care about contents; nuking /home/simone/Scrivania/IS2_Intelli_Home/node_modules/.staging/ejs-3015c6f8
644 silly gunzTarPerm modes [ '755', '644' ]
645 silly gunzTarPerm extractEntry
646 silly gunzTarPerm extractEntry ejs.js
647 silly gunzTarPerm extractEntry ejs.min.js
648 silly gunzTarPerm extractEntry Jakefile
649 silly gunzTarPerm extractEntry lib/
650 silly gunzTarPerm extractEntry LICENSE
651 silly gunzTarPerm extractEntry package.json
652 silly gunzTarPerm extractEntry README.md
653 silly gunzTarPerm extractEntry lib/ejs.js
654 silly gunzTarPerm extractEntry lib/utils.js
655 silly gentlyRm /home/simone/Scrivania/IS2_Intelli_Home/node_modules/.staging/ejs-3015c6f8/node_modules is being purged
656 verbose gentlyRm don't care about contents; nuking /home/simone/Scrivania/IS2_Intelli_Home/node_modules/.staging/ejs-3015c6f8/node_modules
657 http fetch 200 https://registry.npmjs.org/express/-/express-4.16.2.tgz
658 http fetch 200 https://registry.npmjs.org/express-session/-/express-session-1.15.6.tgz
659 silly fetchAndShaCheck shasum 47b4160c88f42ab70fe8a508e31cbff76757ab0a
660 verbose addTmpTarball /tmp/npm-25111-0306b73e/registry.npmjs.org/express-session/-/express-session-1.15.6.tgz not in flight; adding
661 verbose addTmpTarball already have metadata; skipping unpack for express-session@1.15.6
662 silly fetchAndShaCheck shasum e35c6dfe2d64b7dca0a5cd4f21781be3299e076c
663 verbose addTmpTarball /tmp/npm-25111-0306b73e/registry.npmjs.org/express/-/express-4.16.2.tgz not in flight; adding
664 verbose addTmpTarball already have metadata; skipping unpack for express@4.16.2
665 verbose unbuild node_modules/.staging/express-session-88d637d9
666 silly gentlyRm /home/simone/Scrivania/IS2_Intelli_Home/node_modules/.staging/express-session-88d637d9 is being purged from base /home/simone/Scrivania/IS2_Intelli_Home
667 verbose gentlyRm don't care about contents; nuking /home/simone/Scrivania/IS2_Intelli_Home/node_modules/.staging/express-session-88d637d9
668 verbose tar unpack /home/simone/.npm/express-session/1.15.6/package.tgz
669 verbose tar unpacking to /home/simone/Scrivania/IS2_Intelli_Home/node_modules/.staging/express-session-88d637d9
670 silly gentlyRm /home/simone/Scrivania/IS2_Intelli_Home/node_modules/.staging/express-session-88d637d9 is being purged
671 verbose gentlyRm don't care about contents; nuking /home/simone/Scrivania/IS2_Intelli_Home/node_modules/.staging/express-session-88d637d9
672 silly gunzTarPerm modes [ '755', '644' ]
673 verbose unbuild node_modules/.staging/express-13dd552c
674 silly gentlyRm /home/simone/Scrivania/IS2_Intelli_Home/node_modules/.staging/express-13dd552c is being purged from base /home/simone/Scrivania/IS2_Intelli_Home
675 verbose gentlyRm don't care about contents; nuking /home/simone/Scrivania/IS2_Intelli_Home/node_modules/.staging/express-13dd552c
676 verbose tar unpack /home/simone/.npm/express/4.16.2/package.tgz
677 verbose tar unpacking to /home/simone/Scrivania/IS2_Intelli_Home/node_modules/.staging/express-13dd552c
678 silly gentlyRm /home/simone/Scrivania/IS2_Intelli_Home/node_modules/.staging/express-13dd552c is being purged
679 verbose gentlyRm don't care about contents; nuking /home/simone/Scrivania/IS2_Intelli_Home/node_modules/.staging/express-13dd552c
680 silly gunzTarPerm extractEntry package.json
681 silly gunzTarPerm modes [ '755', '644' ]
682 silly gunzTarPerm extractEntry README.md
683 silly gunzTarPerm extractEntry LICENSE
684 silly gunzTarPerm extractEntry package.json
685 silly gunzTarPerm modified mode [ 'package.json', 438, 420 ]
686 silly gunzTarPerm extractEntry LICENSE
687 silly gunzTarPerm modified mode [ 'LICENSE', 438, 420 ]
688 silly gunzTarPerm extractEntry index.js
689 silly gunzTarPerm modified mode [ 'index.js', 438, 420 ]
690 silly gunzTarPerm extractEntry index.js
691 silly gunzTarPerm extractEntry HISTORY.md
692 silly gunzTarPerm extractEntry session/cookie.js
693 silly gunzTarPerm extractEntry session/memory.js
694 silly gunzTarPerm extractEntry Readme.md
695 silly gunzTarPerm modified mode [ 'Readme.md', 438, 420 ]
696 silly gunzTarPerm extractEntry History.md
697 silly gunzTarPerm modified mode [ 'History.md', 438, 420 ]
698 silly gunzTarPerm extractEntry session/session.js
699 silly gunzTarPerm extractEntry session/store.js
700 silly gunzTarPerm extractEntry lib/application.js
701 silly gunzTarPerm modified mode [ 'lib/application.js', 438, 420 ]
702 silly gunzTarPerm extractEntry lib/express.js
703 silly gunzTarPerm modified mode [ 'lib/express.js', 438, 420 ]
704 silly gunzTarPerm extractEntry lib/request.js
705 silly gunzTarPerm modified mode [ 'lib/request.js', 438, 420 ]
706 silly gunzTarPerm extractEntry lib/response.js
707 silly gunzTarPerm modified mode [ 'lib/response.js', 438, 420 ]
708 silly gunzTarPerm extractEntry lib/utils.js
709 silly gunzTarPerm modified mode [ 'lib/utils.js', 438, 420 ]
710 silly gunzTarPerm extractEntry lib/view.js
711 silly gunzTarPerm modified mode [ 'lib/view.js', 438, 420 ]
712 silly gunzTarPerm extractEntry lib/middleware/init.js
713 silly gunzTarPerm modified mode [ 'lib/middleware/init.js', 438, 420 ]
714 silly gunzTarPerm extractEntry lib/middleware/query.js
715 silly gunzTarPerm modified mode [ 'lib/middleware/query.js', 438, 420 ]
716 silly gunzTarPerm extractEntry lib/router/index.js
717 silly gunzTarPerm modified mode [ 'lib/router/index.js', 438, 420 ]
718 silly gunzTarPerm extractEntry lib/router/layer.js
719 silly gunzTarPerm modified mode [ 'lib/router/layer.js', 438, 420 ]
720 silly gunzTarPerm extractEntry lib/router/route.js
721 silly gunzTarPerm modified mode [ 'lib/router/route.js', 438, 420 ]
722 silly gentlyRm /home/simone/Scrivania/IS2_Intelli_Home/node_modules/.staging/express-session-88d637d9/node_modules is being purged
723 verbose gentlyRm don't care about contents; nuking /home/simone/Scrivania/IS2_Intelli_Home/node_modules/.staging/express-session-88d637d9/node_modules
724 silly gentlyRm /home/simone/Scrivania/IS2_Intelli_Home/node_modules/.staging/express-13dd552c/node_modules is being purged
725 verbose gentlyRm don't care about contents; nuking /home/simone/Scrivania/IS2_Intelli_Home/node_modules/.staging/express-13dd552c/node_modules
726 silly doParallel preinstall 8
727 silly preinstall bindings@1.3.0 /home/simone/Scrivania/IS2_Intelli_Home/node_modules/.staging/bindings-264e70a3
728 info lifecycle bindings@1.3.0~preinstall: bindings@1.3.0
729 silly preinstall nan@2.7.0 /home/simone/Scrivania/IS2_Intelli_Home/node_modules/.staging/nan-92f20184
730 info lifecycle nan@2.7.0~preinstall: nan@2.7.0
731 silly preinstall epoll@1.0.1 /home/simone/Scrivania/IS2_Intelli_Home/node_modules/.staging/epoll-e62f4125
732 info lifecycle epoll@1.0.1~preinstall: epoll@1.0.1
733 silly preinstall apiai@4.0.3 /home/simone/Scrivania/IS2_Intelli_Home/node_modules/.staging/apiai-e9ea1b24
734 info lifecycle apiai@4.0.3~preinstall: apiai@4.0.3
735 silly preinstall ejs@2.5.7 /home/simone/Scrivania/IS2_Intelli_Home/node_modules/.staging/ejs-3015c6f8
736 info lifecycle ejs@2.5.7~preinstall: ejs@2.5.7
737 silly preinstall express@4.16.2 /home/simone/Scrivania/IS2_Intelli_Home/node_modules/.staging/express-13dd552c
738 info lifecycle express@4.16.2~preinstall: express@4.16.2
739 silly preinstall express-session@1.15.6 /home/simone/Scrivania/IS2_Intelli_Home/node_modules/.staging/express-session-88d637d9
740 info lifecycle express-session@1.15.6~preinstall: express-session@1.15.6
741 silly preinstall onoff@1.1.8 /home/simone/Scrivania/IS2_Intelli_Home/node_modules/.staging/onoff-c077209c
742 info lifecycle onoff@1.1.8~preinstall: onoff@1.1.8
743 silly lifecycle bindings@1.3.0~preinstall: no script for preinstall, continuing
744 silly lifecycle nan@2.7.0~preinstall: no script for preinstall, continuing
745 silly lifecycle epoll@1.0.1~preinstall: no script for preinstall, continuing
746 silly lifecycle apiai@4.0.3~preinstall: no script for preinstall, continuing
747 silly lifecycle ejs@2.5.7~preinstall: no script for preinstall, continuing
748 silly lifecycle express@4.16.2~preinstall: no script for preinstall, continuing
749 silly lifecycle express-session@1.15.6~preinstall: no script for preinstall, continuing
750 silly lifecycle onoff@1.1.8~preinstall: no script for preinstall, continuing
751 silly doReverseSerial remove 0
752 silly doSerial move 0
753 silly doSerial finalize 8
754 silly finalize /home/simone/Scrivania/IS2_Intelli_Home/node_modules/bindings
755 silly finalize /home/simone/Scrivania/IS2_Intelli_Home/node_modules/nan
756 silly finalize /home/simone/Scrivania/IS2_Intelli_Home/node_modules/epoll
757 silly finalize /home/simone/Scrivania/IS2_Intelli_Home/node_modules/apiai
758 silly finalize /home/simone/Scrivania/IS2_Intelli_Home/node_modules/ejs
759 silly finalize /home/simone/Scrivania/IS2_Intelli_Home/node_modules/express
760 silly finalize /home/simone/Scrivania/IS2_Intelli_Home/node_modules/express-session
761 silly finalize /home/simone/Scrivania/IS2_Intelli_Home/node_modules/onoff
762 silly doSerial build 8
763 silly build bindings@1.3.0
764 info linkStuff bindings@1.3.0
765 silly linkStuff bindings@1.3.0 has /home/simone/Scrivania/IS2_Intelli_Home/node_modules as its parent node_modules
766 verbose linkBins bindings@1.3.0
767 verbose linkMans bindings@1.3.0
768 silly build nan@2.7.0
769 info linkStuff nan@2.7.0
770 silly linkStuff nan@2.7.0 has /home/simone/Scrivania/IS2_Intelli_Home/node_modules as its parent node_modules
771 verbose linkBins nan@2.7.0
772 verbose linkMans nan@2.7.0
773 silly build epoll@1.0.1
774 info linkStuff epoll@1.0.1
775 silly linkStuff epoll@1.0.1 has /home/simone/Scrivania/IS2_Intelli_Home/node_modules as its parent node_modules
776 verbose linkBins epoll@1.0.1
777 verbose linkMans epoll@1.0.1
778 silly build apiai@4.0.3
779 info linkStuff apiai@4.0.3
780 silly linkStuff apiai@4.0.3 has /home/simone/Scrivania/IS2_Intelli_Home/node_modules as its parent node_modules
781 verbose linkBins apiai@4.0.3
782 verbose linkMans apiai@4.0.3
783 silly build ejs@2.5.7
784 info linkStuff ejs@2.5.7
785 silly linkStuff ejs@2.5.7 has /home/simone/Scrivania/IS2_Intelli_Home/node_modules as its parent node_modules
786 verbose linkBins ejs@2.5.7
787 verbose linkMans ejs@2.5.7
788 silly build express@4.16.2
789 info linkStuff express@4.16.2
790 silly linkStuff express@4.16.2 has /home/simone/Scrivania/IS2_Intelli_Home/node_modules as its parent node_modules
791 verbose linkBins express@4.16.2
792 verbose linkMans express@4.16.2
793 silly build express-session@1.15.6
794 info linkStuff express-session@1.15.6
795 silly linkStuff express-session@1.15.6 has /home/simone/Scrivania/IS2_Intelli_Home/node_modules as its parent node_modules
796 verbose linkBins express-session@1.15.6
797 verbose linkMans express-session@1.15.6
798 silly build onoff@1.1.8
799 info linkStuff onoff@1.1.8
800 silly linkStuff onoff@1.1.8 has /home/simone/Scrivania/IS2_Intelli_Home/node_modules as its parent node_modules
801 verbose linkBins onoff@1.1.8
802 verbose linkMans onoff@1.1.8
803 silly doSerial global-link 0
804 silly doParallel update-linked 0
805 silly doSerial install 8
806 silly install bindings@1.3.0 /home/simone/Scrivania/IS2_Intelli_Home/node_modules/.staging/bindings-264e70a3
807 info lifecycle bindings@1.3.0~install: bindings@1.3.0
808 silly lifecycle bindings@1.3.0~install: no script for install, continuing
809 silly install nan@2.7.0 /home/simone/Scrivania/IS2_Intelli_Home/node_modules/.staging/nan-92f20184
810 info lifecycle nan@2.7.0~install: nan@2.7.0
811 silly lifecycle nan@2.7.0~install: no script for install, continuing
812 silly install epoll@1.0.1 /home/simone/Scrivania/IS2_Intelli_Home/node_modules/.staging/epoll-e62f4125
813 info lifecycle epoll@1.0.1~install: epoll@1.0.1
814 verbose lifecycle epoll@1.0.1~install: unsafe-perm in lifecycle true
815 verbose lifecycle epoll@1.0.1~install: PATH: /usr/share/npm/bin/node-gyp-bin:/home/simone/Scrivania/IS2_Intelli_Home/node_modules/epoll/node_modules/.bin:/home/simone/Scrivania/IS2_Intelli_Home/node_modules/.bin:/usr/local/sbin:/usr/local/bin:/usr/sbin:/usr/bin:/sbin:/bin:/usr/games:/usr/local/games:/snap/bin
816 verbose lifecycle epoll@1.0.1~install: CWD: /home/simone/Scrivania/IS2_Intelli_Home/node_modules/epoll
817 silly lifecycle epoll@1.0.1~install: Args: [ '-c', 'node-gyp rebuild' ]
818 silly lifecycle epoll@1.0.1~install: Returned: code: 1  signal: null
819 info lifecycle epoll@1.0.1~install: Failed to exec install script
820 verbose unlock done using /home/simone/.npm/_locks/staging-f7fd9e976f7fec75.lock for /home/simone/Scrivania/IS2_Intelli_Home/node_modules/.staging
821 silly rollbackFailedOptional Starting
822 silly rollbackFailedOptional Finishing
823 silly runTopLevelLifecycles Starting
824 silly runTopLevelLifecycles Finishing
825 silly install printInstalled
826 warn dialogflow@1.0.0 No repository field.
827 verbose stack Error: epoll@1.0.1 install: `node-gyp rebuild`
827 verbose stack Exit status 1
827 verbose stack     at EventEmitter.<anonymous> (/usr/share/npm/lib/utils/lifecycle.js:232:16)
827 verbose stack     at emitTwo (events.js:106:13)
827 verbose stack     at EventEmitter.emit (events.js:191:7)
827 verbose stack     at ChildProcess.<anonymous> (/usr/share/npm/lib/utils/spawn.js:24:14)
827 verbose stack     at emitTwo (events.js:106:13)
827 verbose stack     at ChildProcess.emit (events.js:191:7)
827 verbose stack     at maybeClose (internal/child_process.js:920:16)
827 verbose stack     at Process.ChildProcess._handle.onexit (internal/child_process.js:230:5)
828 verbose pkgid epoll@1.0.1
829 verbose cwd /home/simone/Scrivania/IS2_Intelli_Home
830 error Linux 4.13.0-16-generic
831 error argv "/usr/bin/node" "/usr/bin/npm" "install" "onoff" "--arch=ia32"
832 error node v6.11.4
833 error npm  v3.5.2
834 error code ELIFECYCLE
835 error epoll@1.0.1 install: `node-gyp rebuild`
835 error Exit status 1
836 error Failed at the epoll@1.0.1 install script 'node-gyp rebuild'.
836 error Make sure you have the latest version of node.js and npm installed.
836 error If you do, this is most likely a problem with the epoll package,
836 error not with npm itself.
836 error Tell the author that this fails on your system:
836 error     node-gyp rebuild
836 error You can get information on how to open an issue for this project with:
836 error     npm bugs epoll
836 error Or if that isn't available, you can get their info via:
836 error     npm owner ls epoll
836 error There is likely additional logging output above.
837 verbose exit [ 1, true ]
